DEBUG:root:********Fetching files from URL***********
DEBUG:paramiko.transport:starting thread (client mode): 0xbbbc1ef0
DEBUG:paramiko.transport:Local version/idstring: SSH-2.0-paramiko_2.4.2
DEBUG:paramiko.transport:Remote version/idstring: SSH-2.0-OpenSSH_7.2p2 Ubuntu-4ubuntu2.5
INFO:paramiko.transport:Connected (version 2.0, client OpenSSH_7.2p2)
DEBUG:paramiko.transport:kex algos:['curve25519-sha256@libssh.org', 'ecdh-sha2-nistp256', 'ecdh-sha2-nistp384', 'ecdh-sha2-nistp521', 'diffie-hellman-group-exchange-sha256', 'diffie-hellman-group14-sha1'] server key:['ssh-rsa', 'rsa-sha2-512', 'rsa-sha2-256', 'ecdsa-sha2-nistp256', 'ssh-ed25519'] client encrypt:['chacha20-poly1305@openssh.com', 'aes128-ctr', 'aes192-ctr', 'aes256-ctr', 'aes128-gcm@openssh.com', 'aes256-gcm@openssh.com'] server encrypt:['chacha20-poly1305@openssh.com', 'aes128-ctr', 'aes192-ctr', 'aes256-ctr', 'aes128-gcm@openssh.com', 'aes256-gcm@openssh.com'] client mac:['umac-64-etm@openssh.com', 'umac-128-etm@openssh.com', 'hmac-sha2-256-etm@openssh.com', 'hmac-sha2-512-etm@openssh.com', 'hmac-sha1-etm@openssh.com', 'umac-64@openssh.com', 'umac-128@openssh.com', 'hmac-sha2-256', 'hmac-sha2-512', 'hmac-sha1'] server mac:['umac-64-etm@openssh.com', 'umac-128-etm@openssh.com', 'hmac-sha2-256-etm@openssh.com', 'hmac-sha2-512-etm@openssh.com', 'hmac-sha1-etm@openssh.com', 'umac-64@openssh.com', 'umac-128@openssh.com', 'hmac-sha2-256', 'hmac-sha2-512', 'hmac-sha1'] client compress:['none', 'zlib@openssh.com'] server compress:['none', 'zlib@openssh.com'] client lang:[''] server lang:[''] kex follows?False
DEBUG:paramiko.transport:Kex agreed: ecdh-sha2-nistp256
DEBUG:paramiko.transport:HostKey agreed: ssh-ed25519
DEBUG:paramiko.transport:Cipher agreed: aes128-ctr
DEBUG:paramiko.transport:MAC agreed: hmac-sha2-256
DEBUG:paramiko.transport:Compression agreed: none
DEBUG:paramiko.transport:kex engine KexNistp256 specified hash_algo <built-in function openssl_sha256>
DEBUG:paramiko.transport:Switch to new keys ...
DEBUG:paramiko.transport:Adding ssh-ed25519 host key for [localhost]:22: b'c41822a3504fb3d8c25c0de27d0ee5c0'
DEBUG:paramiko.transport:userauth is OK
INFO:paramiko.transport:Authentication (password) successful!
DEBUG:paramiko.transport:[chan 0] Max packet in: 32768 bytes
DEBUG:paramiko.transport:Received global request "hostkeys-00@openssh.com"
DEBUG:paramiko.transport:Rejecting "hostkeys-00@openssh.com" global request from server.
DEBUG:paramiko.transport:[chan 0] Max packet out: 32768 bytes
DEBUG:paramiko.transport:Secsh channel 0 opened.
DEBUG:paramiko.transport:[chan 0] Sesch channel 0 request ok
INFO:paramiko.transport.sftp:[chan 0] Opened sftp connection (server version 3)
DEBUG:paramiko.transport.sftp:[chan 0] open(b'/tmp/myfile.txt', 'wb')
DEBUG:paramiko.transport.sftp:[chan 0] open(b'/tmp/myfile.txt', 'wb') -> 00000000
DEBUG:paramiko.transport.sftp:[chan 0] close(00000000)
DEBUG:paramiko.transport.sftp:[chan 0] stat(b'/tmp/myfile.txt')
INFO:paramiko.transport.sftp:[chan 0] sftp session closed.
DEBUG:paramiko.transport:[chan 0] EOF sent (0)
DEBUG:root:********Fetching files from URL***********
DEBUG:root:***********Find matched files*************
DEBUG:root:**********Reading README data***********
DEBUG:root:*********Finding 'the' matched lines*********
DEBUG:root:**************Upper cased the readed lines*************
DEBUG:root:*******Writing data to a file*************
DEBUG:root:***********Sending data to FTP server************
DEBUG:paramiko.transport:starting thread (client mode): 0x1237def0
DEBUG:paramiko.transport:Local version/idstring: SSH-2.0-paramiko_2.4.2
DEBUG:paramiko.transport:Remote version/idstring: SSH-2.0-OpenSSH_7.2p2 Ubuntu-4ubuntu2.5
INFO:paramiko.transport:Connected (version 2.0, client OpenSSH_7.2p2)
DEBUG:paramiko.transport:kex algos:['curve25519-sha256@libssh.org', 'ecdh-sha2-nistp256', 'ecdh-sha2-nistp384', 'ecdh-sha2-nistp521', 'diffie-hellman-group-exchange-sha256', 'diffie-hellman-group14-sha1'] server key:['ssh-rsa', 'rsa-sha2-512', 'rsa-sha2-256', 'ecdsa-sha2-nistp256', 'ssh-ed25519'] client encrypt:['chacha20-poly1305@openssh.com', 'aes128-ctr', 'aes192-ctr', 'aes256-ctr', 'aes128-gcm@openssh.com', 'aes256-gcm@openssh.com'] server encrypt:['chacha20-poly1305@openssh.com', 'aes128-ctr', 'aes192-ctr', 'aes256-ctr', 'aes128-gcm@openssh.com', 'aes256-gcm@openssh.com'] client mac:['umac-64-etm@openssh.com', 'umac-128-etm@openssh.com', 'hmac-sha2-256-etm@openssh.com', 'hmac-sha2-512-etm@openssh.com', 'hmac-sha1-etm@openssh.com', 'umac-64@openssh.com', 'umac-128@openssh.com', 'hmac-sha2-256', 'hmac-sha2-512', 'hmac-sha1'] server mac:['umac-64-etm@openssh.com', 'umac-128-etm@openssh.com', 'hmac-sha2-256-etm@openssh.com', 'hmac-sha2-512-etm@openssh.com', 'hmac-sha1-etm@openssh.com', 'umac-64@openssh.com', 'umac-128@openssh.com', 'hmac-sha2-256', 'hmac-sha2-512', 'hmac-sha1'] client compress:['none', 'zlib@openssh.com'] server compress:['none', 'zlib@openssh.com'] client lang:[''] server lang:[''] kex follows?False
DEBUG:paramiko.transport:Kex agreed: ecdh-sha2-nistp256
DEBUG:paramiko.transport:HostKey agreed: ssh-ed25519
DEBUG:paramiko.transport:Cipher agreed: aes128-ctr
DEBUG:paramiko.transport:MAC agreed: hmac-sha2-256
DEBUG:paramiko.transport:Compression agreed: none
DEBUG:paramiko.transport:kex engine KexNistp256 specified hash_algo <built-in function openssl_sha256>
DEBUG:paramiko.transport:Switch to new keys ...
DEBUG:paramiko.transport:Adding ssh-ed25519 host key for [localhost]:22: b'c41822a3504fb3d8c25c0de27d0ee5c0'
DEBUG:paramiko.transport:userauth is OK
INFO:paramiko.transport:Authentication (password) successful!
DEBUG:paramiko.transport:[chan 0] Max packet in: 32768 bytes
DEBUG:paramiko.transport:Received global request "hostkeys-00@openssh.com"
DEBUG:paramiko.transport:Rejecting "hostkeys-00@openssh.com" global request from server.
DEBUG:paramiko.transport:[chan 0] Max packet out: 32768 bytes
DEBUG:paramiko.transport:Secsh channel 0 opened.
DEBUG:paramiko.transport:[chan 0] Sesch channel 0 request ok
INFO:paramiko.transport.sftp:[chan 0] Opened sftp connection (server version 3)
DEBUG:paramiko.transport.sftp:[chan 0] open(b'/tmp/myfile.txt', 'wb')
DEBUG:paramiko.transport.sftp:[chan 0] open(b'/tmp/myfile.txt', 'wb') -> 00000000
DEBUG:paramiko.transport.sftp:[chan 0] close(00000000)
DEBUG:paramiko.transport.sftp:[chan 0] stat(b'/tmp/myfile.txt')
INFO:paramiko.transport.sftp:[chan 0] sftp session closed.
DEBUG:paramiko.transport:[chan 0] EOF sent (0)
DEBUG:root:End of process
DEBUG:root:********Fetching files from URL***********
DEBUG:root:***********Find matched files*************
DEBUG:root:**********Reading README data***********
